21/06/2021 16:49:07	This log contains information about the import schema operation into project 'BancoDeDados.ProjetoDB' on computer 'DESKTOP-FV5Q462' by user 'pedro'.
21/06/2021 16:49:07	Import of database schema has started.
21/06/2021 16:49:12	Gathering database credentials
21/06/2021 16:49:12	Gathering database options
21/06/2021 16:49:12	Gathering users
21/06/2021 16:49:12	Gathering roles
21/06/2021 16:49:12	Gathering application roles
21/06/2021 16:49:12	Gathering role memberships
21/06/2021 16:49:12	Gathering filegroups
21/06/2021 16:49:12	Gathering full-text catalogs
21/06/2021 16:49:12	Gathering assemblies
21/06/2021 16:49:12	Gathering certificates
21/06/2021 16:49:12	Gathering asymmetric keys
21/06/2021 16:49:12	Gathering symmetric keys
21/06/2021 16:49:12	Gathering encrypted symmetric keys
21/06/2021 16:49:12	Gathering schemas
21/06/2021 16:49:12	Gathering XML schema collections
21/06/2021 16:49:12	Gathering user-defined data types
21/06/2021 16:49:12	Gathering user-defined types
21/06/2021 16:49:12	Gathering table types
21/06/2021 16:49:12	Gathering unique keys for table types
21/06/2021 16:49:12	Gathering primary keys for table types
21/06/2021 16:49:12	Gathering indexes for table types
21/06/2021 16:49:12	Gathering check constraints for table types
21/06/2021 16:49:12	Gathering default constraints for table types
21/06/2021 16:49:12	Gathering partition functions
21/06/2021 16:49:12	Gathering partition schemes
21/06/2021 16:49:14	Gathering functions
21/06/2021 16:49:14	Gathering encrypted functions
21/06/2021 16:49:14	Gathering aggregates
21/06/2021 16:49:14	Gathering procedures
21/06/2021 16:49:14	Gathering encrypted procedures
21/06/2021 16:49:14	Gathering tables
21/06/2021 16:49:14	Gathering primary keys
21/06/2021 16:49:14	Gathering unique constraints
21/06/2021 16:49:14	Gathering foreign keys
21/06/2021 16:49:14	Gathering default constraints
21/06/2021 16:49:14	Gathering check constraints
21/06/2021 16:49:14	Gathering views
21/06/2021 16:49:14	Gathering encrypted views
21/06/2021 16:49:14	Gathering indexes
21/06/2021 16:49:14	Gathering statistics
21/06/2021 16:49:14	Gathering full-text index stoplists
21/06/2021 16:49:14	Gathering search property lists
21/06/2021 16:49:14	Gathering search properties
21/06/2021 16:49:14	Gathering full-text indexes
21/06/2021 16:49:14	Gathering column store indexes
21/06/2021 16:49:14	Gathering spatial indexes
21/06/2021 16:49:14	Gathering XML indexes
21/06/2021 16:49:14	Gathering Selective XML indexes
21/06/2021 16:49:14	Gathering encrypted triggers
21/06/2021 16:49:14	Gathering triggers
21/06/2021 16:49:14	Gathering encrypted and clr ddl triggers
21/06/2021 16:49:14	Gathering ddl triggers
21/06/2021 16:49:14	Gathering synonyms
21/06/2021 16:49:14	Gathering defaults
21/06/2021 16:49:14	Gathering data constraint uddt bindings
21/06/2021 16:49:14	Gathering rules
21/06/2021 16:49:14	Gathering data constraint uddt bindings
21/06/2021 16:49:14	Gathering message types
21/06/2021 16:49:14	Gathering queues
21/06/2021 16:49:14	Gathering contracts
21/06/2021 16:49:14	Gathering services
21/06/2021 16:49:14	Gathering event notifications
21/06/2021 16:49:14	Gathering remote service bindings
21/06/2021 16:49:14	Gathering broker priorities
21/06/2021 16:49:14	Gathering signatures
21/06/2021 16:49:14	Gathering data compression options
21/06/2021 16:49:14	Gathering sequence types
21/06/2021 16:49:14	Gathering security policies
21/06/2021 16:49:14	Gather column encryption keys
21/06/2021 16:49:14	Gathering column master keys
21/06/2021 16:49:14	Gathering external data sources
21/06/2021 16:49:14	Gathering external file formats
21/06/2021 16:49:14	Gathering external tables
21/06/2021 16:49:14	Gathering extended properties
21/06/2021 16:49:14	Gathering credentials
21/06/2021 16:49:14	Gathering logins
21/06/2021 16:49:14	Gathering server audits
21/06/2021 16:49:15	Scanning project for duplicate elements
21/06/2021 16:49:15	Finished duplicate element processing
21/06/2021 16:49:16	Finished importing database.
21/06/2021 16:49:16	A summary of the import was saved to the following location: C:\Users\pedro\source\repos\ControleDeTarefas.ConsoleApp\BancoDeDados.ProjetoDB\Import Schema Logs\BancoDeDados.Projeto_20210621074907.log
21/06/2021 16:49:16	Click Finish to continue...
